[debug] [2024-09-25T14:20:33.885Z] ----------------------------------------------------------------------
[debug] [2024-09-25T14:20:33.887Z] Command:       C:\Program Files\nodejs\node.exe C:\Users\Admin\AppData\Roaming\npm\node_modules\firebase-tools\lib\bin\firebase.js login
[debug] [2024-09-25T14:20:33.887Z] CLI Version:   13.19.0
[debug] [2024-09-25T14:20:33.887Z] Platform:      win32
[debug] [2024-09-25T14:20:33.887Z] Node Version:  v20.11.0
[debug] [2024-09-25T14:20:33.887Z] Time:          Wed Sep 25 2024 16:20:33 GMT+0200 (heure d’été d’Europe centrale)
[debug] [2024-09-25T14:20:33.887Z] ----------------------------------------------------------------------
[debug] 
[info] Already logged in as ghislain.anciaux@gmail.com
[debug] [2024-09-25T14:20:43.932Z] Error: Timed out.
    at Timeout._onTimeout (C:\Users\Admin\AppData\Roaming\npm\node_modules\firebase-tools\lib\utils.js:268:49)
    at listOnTimeout (node:internal/timers:573:17)
    at process.processTimers (node:internal/timers:514:7)
[error] 
[error] Error: An unexpected error has occurred.
[debug] [2024-09-25T14:20:56.384Z] ----------------------------------------------------------------------
[debug] [2024-09-25T14:20:56.387Z] Command:       C:\Program Files\nodejs\node.exe C:\Users\Admin\AppData\Roaming\npm\node_modules\firebase-tools\lib\bin\firebase.js login --reauth
[debug] [2024-09-25T14:20:56.387Z] CLI Version:   13.19.0
[debug] [2024-09-25T14:20:56.387Z] Platform:      win32
[debug] [2024-09-25T14:20:56.387Z] Node Version:  v20.11.0
[debug] [2024-09-25T14:20:56.387Z] Time:          Wed Sep 25 2024 16:20:56 GMT+0200 (heure d’été d’Europe centrale)
[debug] [2024-09-25T14:20:56.387Z] ----------------------------------------------------------------------
[debug] 
[info] 
[info] Visit this URL on this device to log in:
[info] https://accounts.google.com/o/oauth2/auth?client_id=563584335869-fgrhgmd47bqnekij5i8b5pr03ho849e6.apps.googleusercontent.com&scope=email%20openid%20https%3A%2F%2Fwww.googleapis.com%2Fauth%2Fcloudplatformprojects.readonly%20https%3A%2F%2Fwww.googleapis.com%2Fauth%2Ffirebase%20https%3A%2F%2Fwww.googleapis.com%2Fauth%2Fcloud-platform&response_type=code&state=23241176&redirect_uri=http%3A%2F%2Flocalhost%3A9005&login_hint=ghislain.anciaux%40gmail.com
[info] 
[info] Waiting for authentication...
[debug] [2024-09-25T14:21:02.225Z] >>> [apiv2][query] POST https://accounts.google.com/o/oauth2/token [none]
[debug] [2024-09-25T14:21:02.225Z] >>> [apiv2][body] POST https://accounts.google.com/o/oauth2/token [omitted]
[debug] [2024-09-25T14:21:02.354Z] <<< [apiv2][status] POST https://accounts.google.com/o/oauth2/token 200
[debug] [2024-09-25T14:21:02.354Z] <<< [apiv2][body] POST https://accounts.google.com/o/oauth2/token [omitted]
[info] 
[info] +  Success! Logged in as ghislain.anciaux@gmail.com 
[debug] [2024-09-25T14:21:12.399Z] Error: Timed out.
    at Timeout._onTimeout (C:\Users\Admin\AppData\Roaming\npm\node_modules\firebase-tools\lib\utils.js:268:49)
    at listOnTimeout (node:internal/timers:573:17)
    at process.processTimers (node:internal/timers:514:7)
[error] 
[error] Error: An unexpected error has occurred.
[debug] [2024-09-25T14:21:37.346Z] ----------------------------------------------------------------------
[debug] [2024-09-25T14:21:37.348Z] Command:       C:\Program Files\nodejs\node.exe C:\Users\Admin\AppData\Roaming\npm\node_modules\firebase-tools\lib\bin\firebase.js init
[debug] [2024-09-25T14:21:37.348Z] CLI Version:   13.19.0
[debug] [2024-09-25T14:21:37.348Z] Platform:      win32
[debug] [2024-09-25T14:21:37.348Z] Node Version:  v20.11.0
[debug] [2024-09-25T14:21:37.349Z] Time:          Wed Sep 25 2024 16:21:37 GMT+0200 (heure d’été d’Europe centrale)
[debug] [2024-09-25T14:21:37.349Z] ----------------------------------------------------------------------
[debug] 
[debug] [2024-09-25T14:21:37.352Z] > command requires scopes: ["email","openid","https://www.googleapis.com/auth/cloudplatformprojects.readonly","https://www.googleapis.com/auth/firebase","https://www.googleapis.com/auth/cloud-platform"]
[debug] [2024-09-25T14:21:37.353Z] > authorizing via signed-in user (ghislain.anciaux@gmail.com)
[info] 
     ######## #### ########  ######## ########     ###     ######  ########
     ##        ##  ##     ## ##       ##     ##  ##   ##  ##       ##
     ######    ##  ########  ######   ########  #########  ######  ######
     ##        ##  ##    ##  ##       ##     ## ##     ##       ## ##
     ##       #### ##     ## ######## ########  ##     ##  ######  ########

You're about to initialize a Firebase project in this directory:

  C:\Users\Admin\Labs\angular\angular-senior\angular-pokedex-app

[info] 
=== Project Setup
[info] 
[info] First, let's associate this project directory with a Firebase project.
[info] You can create multiple project aliases by running firebase use --add, 
[info] but for now we'll just set up a default project.
[info] 
[debug] [2024-09-25T14:22:12.292Z] >>> [apiv2][query] GET https://firebase.googleapis.com/v1beta1/projects pageSize=100
[debug] [2024-09-25T14:22:12.705Z] <<< [apiv2][status] GET https://firebase.googleapis.com/v1beta1/projects 200
[debug] [2024-09-25T14:22:12.705Z] <<< [apiv2][body] GET https://firebase.googleapis.com/v1beta1/projects [omitted]
[info] i  Using project angular-pokedex-app-28b72 (angular-pokedex-app) 
[info] 
=== Hosting Setup
[debug] [2024-09-25T14:22:14.861Z] >>> [apiv2][query] GET https://firebase.googleapis.com/v1beta1/projects/angular-pokedex-app-28b72 [none]
[debug] [2024-09-25T14:22:15.328Z] <<< [apiv2][status] GET https://firebase.googleapis.com/v1beta1/projects/angular-pokedex-app-28b72 200
[debug] [2024-09-25T14:22:15.328Z] <<< [apiv2][body] GET https://firebase.googleapis.com/v1beta1/projects/angular-pokedex-app-28b72 {"projectId":"angular-pokedex-app-28b72","projectNumber":"446993719936","displayName":"angular-pokedex-app","name":"projects/angular-pokedex-app-28b72","resources":{"hostingSite":"angular-pokedex-app-28b72"},"state":"ACTIVE","etag":"1_9fe5109e-0f59-4add-b2c0-67622165f17a"}
[info] 
[info] Your public directory is the folder (relative to your project directory) that
[info] will contain Hosting assets to be uploaded with firebase deploy. If you
[info] have a build process for your assets, use your build's output directory.
[info] 
[info] +  Wrote public/404.html 
[debug] [2024-09-25T14:22:36.223Z] >>> [apiv2][query] GET https://www.gstatic.com/firebasejs/releases.json [none]
[debug] [2024-09-25T14:22:36.285Z] <<< [apiv2][status] GET https://www.gstatic.com/firebasejs/releases.json 200
[debug] [2024-09-25T14:22:36.285Z] <<< [apiv2][body] GET https://www.gstatic.com/firebasejs/releases.json {"current":{"version":"10.13.2","browserURL":"https://www.gstatic.com/firebasejs/10.13.2/firebase.js","packageURL":"https://www.gstatic.com/firebasejs/10.13.2/firebase.tgz"},"live":{"version":"10.13","browserURL":"https://www.gstatic.com/firebasejs/live/10.13/firebase.js","packageURL":"https://www.gstatic.com/firebasejs/live/10.13/firebase.tgz"},"components":{"analytics":"https://www.gstatic.com/firebasejs/10.13.2/firebase-analytics.js","app":"https://www.gstatic.com/firebasejs/10.13.2/firebase-app.js","app-check":"https://www.gstatic.com/firebasejs/10.13.2/firebase-app-check.js","auth":"https://www.gstatic.com/firebasejs/10.13.2/firebase-auth.js","auth/cordova":"https://www.gstatic.com/firebasejs/10.13.2/firebase-auth/cordova.js","auth/web-extension":"https://www.gstatic.com/firebasejs/10.13.2/firebase-auth/web-extension.js","functions":"https://www.gstatic.com/firebasejs/10.13.2/firebase-functions.js","firestore":"https://www.gstatic.com/firebasejs/10.13.2/firebase-firestore.js","firestore/lite":"https://www.gstatic.com/firebasejs/10.13.2/firebase-firestore/lite.js","installations":"https://www.gstatic.com/firebasejs/10.13.2/firebase-installations.js","storage":"https://www.gstatic.com/firebasejs/10.13.2/firebase-storage.js","performance":"https://www.gstatic.com/firebasejs/10.13.2/firebase-performance.js","remote-config":"https://www.gstatic.com/firebasejs/10.13.2/firebase-remote-config.js","messaging":"https://www.gstatic.com/firebasejs/10.13.2/firebase-messaging.js","messaging/sw":"https://www.gstatic.com/firebasejs/10.13.2/firebase-messaging/sw.js","database":"https://www.gstatic.com/firebasejs/10.13.2/firebase-database.js","vertexai-preview":"https://www.gstatic.com/firebasejs/10.13.2/firebase-vertexai-preview.js","firestore.memory":"https://www.gstatic.com/firebasejs/10.13.2/firebase-firestore.memory.js"}}
[info] +  Wrote public/index.html 
[info] 
[info] i  Writing configuration info to firebase.json... 
[info] i  Writing project information to .firebaserc... 
[info] 
[info] +  Firebase initialization complete! 
[debug] [2024-09-25T14:22:46.306Z] Error: Timed out.
    at Timeout._onTimeout (C:\Users\Admin\AppData\Roaming\npm\node_modules\firebase-tools\lib\utils.js:268:49)
    at listOnTimeout (node:internal/timers:573:17)
    at process.processTimers (node:internal/timers:514:7)
[error] 
[error] Error: An unexpected error has occurred.
[debug] [2024-09-25T14:24:01.404Z] ----------------------------------------------------------------------
[debug] [2024-09-25T14:24:01.406Z] Command:       C:\Program Files\nodejs\node.exe C:\Users\Admin\AppData\Roaming\npm\node_modules\firebase-tools\lib\bin\firebase.js init
[debug] [2024-09-25T14:24:01.406Z] CLI Version:   13.19.0
[debug] [2024-09-25T14:24:01.406Z] Platform:      win32
[debug] [2024-09-25T14:24:01.406Z] Node Version:  v20.11.0
[debug] [2024-09-25T14:24:01.406Z] Time:          Wed Sep 25 2024 16:24:01 GMT+0200 (heure d’été d’Europe centrale)
[debug] [2024-09-25T14:24:01.406Z] ----------------------------------------------------------------------
[debug] 
[debug] [2024-09-25T14:24:01.447Z] > command requires scopes: ["email","openid","https://www.googleapis.com/auth/cloudplatformprojects.readonly","https://www.googleapis.com/auth/firebase","https://www.googleapis.com/auth/cloud-platform"]
[debug] [2024-09-25T14:24:01.448Z] > authorizing via signed-in user (ghislain.anciaux@gmail.com)
[info] 
     ######## #### ########  ######## ########     ###     ######  ########
     ##        ##  ##     ## ##       ##     ##  ##   ##  ##       ##
     ######    ##  ########  ######   ########  #########  ######  ######
     ##        ##  ##    ##  ##       ##     ## ##     ##       ## ##
     ##       #### ##     ## ######## ########  ##     ##  ######  ########

You're about to initialize a Firebase project in this directory:

  C:\Users\Admin\Labs\angular\angular-senior\angular-pokedex-app

Before we get started, keep in mind:

  * You are initializing within an existing Firebase project directory

[info] 
=== Project Setup
[info] 
[info] First, let's associate this project directory with a Firebase project.
[info] You can create multiple project aliases by running firebase use --add, 
[info] but for now we'll just set up a default project.
[info] 
[debug] [2024-09-25T14:24:06.761Z] Using project from CLI flag: angular-pokedex-app-28b72
[debug] [2024-09-25T14:24:06.763Z] >>> [apiv2][query] GET https://firebase.googleapis.com/v1beta1/projects/angular-pokedex-app-28b72 [none]
[debug] [2024-09-25T14:24:07.021Z] <<< [apiv2][status] GET https://firebase.googleapis.com/v1beta1/projects/angular-pokedex-app-28b72 200
[debug] [2024-09-25T14:24:07.021Z] <<< [apiv2][body] GET https://firebase.googleapis.com/v1beta1/projects/angular-pokedex-app-28b72 {"projectId":"angular-pokedex-app-28b72","projectNumber":"446993719936","displayName":"angular-pokedex-app","name":"projects/angular-pokedex-app-28b72","resources":{"hostingSite":"angular-pokedex-app-28b72"},"state":"ACTIVE","etag":"1_9fe5109e-0f59-4add-b2c0-67622165f17a"}
[info] i  Using project angular-pokedex-app-28b72 (angular-pokedex-app) 
[info] 
=== Hosting Setup
[debug] [2024-09-25T14:24:07.038Z] >>> [apiv2][query] GET https://firebase.googleapis.com/v1beta1/projects/angular-pokedex-app-28b72 [none]
[debug] [2024-09-25T14:24:07.332Z] <<< [apiv2][status] GET https://firebase.googleapis.com/v1beta1/projects/angular-pokedex-app-28b72 200
[debug] [2024-09-25T14:24:07.332Z] <<< [apiv2][body] GET https://firebase.googleapis.com/v1beta1/projects/angular-pokedex-app-28b72 {"projectId":"angular-pokedex-app-28b72","projectNumber":"446993719936","displayName":"angular-pokedex-app","name":"projects/angular-pokedex-app-28b72","resources":{"hostingSite":"angular-pokedex-app-28b72"},"state":"ACTIVE","etag":"1_9fe5109e-0f59-4add-b2c0-67622165f17a"}
[info] 
[info] Your public directory is the folder (relative to your project directory) that
[info] will contain Hosting assets to be uploaded with firebase deploy. If you
[info] have a build process for your assets, use your build's output directory.
[info] 
[debug] [2024-09-25T14:24:35.898Z] >>> [apiv2][query] GET https://www.gstatic.com/firebasejs/releases.json [none]
[debug] [2024-09-25T14:24:35.972Z] <<< [apiv2][status] GET https://www.gstatic.com/firebasejs/releases.json 200
[debug] [2024-09-25T14:24:35.973Z] <<< [apiv2][body] GET https://www.gstatic.com/firebasejs/releases.json {"current":{"version":"10.13.2","browserURL":"https://www.gstatic.com/firebasejs/10.13.2/firebase.js","packageURL":"https://www.gstatic.com/firebasejs/10.13.2/firebase.tgz"},"live":{"version":"10.13","browserURL":"https://www.gstatic.com/firebasejs/live/10.13/firebase.js","packageURL":"https://www.gstatic.com/firebasejs/live/10.13/firebase.tgz"},"components":{"analytics":"https://www.gstatic.com/firebasejs/10.13.2/firebase-analytics.js","app":"https://www.gstatic.com/firebasejs/10.13.2/firebase-app.js","app-check":"https://www.gstatic.com/firebasejs/10.13.2/firebase-app-check.js","auth":"https://www.gstatic.com/firebasejs/10.13.2/firebase-auth.js","auth/cordova":"https://www.gstatic.com/firebasejs/10.13.2/firebase-auth/cordova.js","auth/web-extension":"https://www.gstatic.com/firebasejs/10.13.2/firebase-auth/web-extension.js","functions":"https://www.gstatic.com/firebasejs/10.13.2/firebase-functions.js","firestore":"https://www.gstatic.com/firebasejs/10.13.2/firebase-firestore.js","firestore/lite":"https://www.gstatic.com/firebasejs/10.13.2/firebase-firestore/lite.js","installations":"https://www.gstatic.com/firebasejs/10.13.2/firebase-installations.js","storage":"https://www.gstatic.com/firebasejs/10.13.2/firebase-storage.js","performance":"https://www.gstatic.com/firebasejs/10.13.2/firebase-performance.js","remote-config":"https://www.gstatic.com/firebasejs/10.13.2/firebase-remote-config.js","messaging":"https://www.gstatic.com/firebasejs/10.13.2/firebase-messaging.js","messaging/sw":"https://www.gstatic.com/firebasejs/10.13.2/firebase-messaging/sw.js","database":"https://www.gstatic.com/firebasejs/10.13.2/firebase-database.js","vertexai-preview":"https://www.gstatic.com/firebasejs/10.13.2/firebase-vertexai-preview.js","firestore.memory":"https://www.gstatic.com/firebasejs/10.13.2/firebase-firestore.memory.js"}}
[info] i  Skipping write of dist/angular-pokedex-app/browser/index.html 
[info] 
[info] i  Writing configuration info to firebase.json... 
[info] i  Writing project information to .firebaserc... 
[info] 
[info] +  Firebase initialization complete! 
[debug] [2024-09-25T14:24:55.669Z] Error: Timed out.
    at Timeout._onTimeout (C:\Users\Admin\AppData\Roaming\npm\node_modules\firebase-tools\lib\utils.js:268:49)
    at listOnTimeout (node:internal/timers:573:17)
    at process.processTimers (node:internal/timers:514:7)
[error] 
[error] Error: An unexpected error has occurred.
[debug] [2024-09-25T14:26:30.575Z] ----------------------------------------------------------------------
[debug] [2024-09-25T14:26:30.577Z] Command:       C:\Program Files\nodejs\node.exe C:\Users\Admin\AppData\Roaming\npm\node_modules\firebase-tools\lib\bin\firebase.js deploy
[debug] [2024-09-25T14:26:30.577Z] CLI Version:   13.19.0
[debug] [2024-09-25T14:26:30.577Z] Platform:      win32
[debug] [2024-09-25T14:26:30.577Z] Node Version:  v20.11.0
[debug] [2024-09-25T14:26:30.577Z] Time:          Wed Sep 25 2024 16:26:30 GMT+0200 (heure d’été d’Europe centrale)
[debug] [2024-09-25T14:26:30.577Z] ----------------------------------------------------------------------
[debug] 
[debug] [2024-09-25T14:26:30.621Z] > command requires scopes: ["email","openid","https://www.googleapis.com/auth/cloudplatformprojects.readonly","https://www.googleapis.com/auth/firebase","https://www.googleapis.com/auth/cloud-platform"]
[debug] [2024-09-25T14:26:30.622Z] > authorizing via signed-in user (ghislain.anciaux@gmail.com)
[debug] [2024-09-25T14:26:30.622Z] [iam] checking project angular-pokedex-app-28b72 for permissions ["firebase.projects.get","firebasehosting.sites.update"]
[debug] [2024-09-25T14:26:30.624Z] >>> [apiv2][query] POST https://cloudresourcemanager.googleapis.com/v1/projects/angular-pokedex-app-28b72:testIamPermissions [none]
[debug] [2024-09-25T14:26:30.624Z] >>> [apiv2][(partial)header] POST https://cloudresourcemanager.googleapis.com/v1/projects/angular-pokedex-app-28b72:testIamPermissions x-goog-quota-user=projects/angular-pokedex-app-28b72
[debug] [2024-09-25T14:26:30.624Z] >>> [apiv2][body] POST https://cloudresourcemanager.googleapis.com/v1/projects/angular-pokedex-app-28b72:testIamPermissions {"permissions":["firebase.projects.get","firebasehosting.sites.update"]}
[debug] [2024-09-25T14:26:30.849Z] <<< [apiv2][status] POST https://cloudresourcemanager.googleapis.com/v1/projects/angular-pokedex-app-28b72:testIamPermissions 200
[debug] [2024-09-25T14:26:30.850Z] <<< [apiv2][body] POST https://cloudresourcemanager.googleapis.com/v1/projects/angular-pokedex-app-28b72:testIamPermissions {"permissions":["firebase.projects.get","firebasehosting.sites.update"]}
[debug] [2024-09-25T14:26:30.851Z] >>> [apiv2][query] GET https://firebase.googleapis.com/v1beta1/projects/angular-pokedex-app-28b72 [none]
[debug] [2024-09-25T14:26:31.185Z] <<< [apiv2][status] GET https://firebase.googleapis.com/v1beta1/projects/angular-pokedex-app-28b72 200
[debug] [2024-09-25T14:26:31.186Z] <<< [apiv2][body] GET https://firebase.googleapis.com/v1beta1/projects/angular-pokedex-app-28b72 {"projectId":"angular-pokedex-app-28b72","projectNumber":"446993719936","displayName":"angular-pokedex-app","name":"projects/angular-pokedex-app-28b72","resources":{"hostingSite":"angular-pokedex-app-28b72"},"state":"ACTIVE","etag":"1_9fe5109e-0f59-4add-b2c0-67622165f17a"}
[info] 
[info] === Deploying to 'angular-pokedex-app-28b72'...
[info] 
[info] i  deploying hosting 
[debug] [2024-09-25T14:26:31.194Z] >>> [apiv2][query] POST https://firebasehosting.googleapis.com/v1beta1/projects/-/sites/angular-pokedex-app-28b72/versions [none]
[debug] [2024-09-25T14:26:31.194Z] >>> [apiv2][body] POST https://firebasehosting.googleapis.com/v1beta1/projects/-/sites/angular-pokedex-app-28b72/versions {"status":"CREATED","labels":{"deployment-tool":"cli-firebase"}}
[debug] [2024-09-25T14:26:32.280Z] <<< [apiv2][status] POST https://firebasehosting.googleapis.com/v1beta1/projects/-/sites/angular-pokedex-app-28b72/versions 200
[debug] [2024-09-25T14:26:32.280Z] <<< [apiv2][body] POST https://firebasehosting.googleapis.com/v1beta1/projects/-/sites/angular-pokedex-app-28b72/versions {"name":"projects/446993719936/sites/angular-pokedex-app-28b72/versions/cea969592b0faaa6","status":"CREATED","config":{},"labels":{"deployment-tool":"cli-firebase"}}
[info] i  hosting[angular-pokedex-app-28b72]: beginning deploy... 
[info] i  hosting[angular-pokedex-app-28b72]: found 5 files in dist/angular-pokedex-app/browser 
[debug] [2024-09-25T14:26:52.252Z] [hosting] uploading with 200 concurrency
[debug] [2024-09-25T14:26:52.253Z] [hosting] hash cache [ZGlzdFxhbmd1bGFyLXBva2VkZXgtYXBwXGJyb3dzZXI] not populated
[debug] [2024-09-25T14:26:52.263Z] [hosting] hash cache [ZGlzdFxhbmd1bGFyLXBva2VkZXgtYXBwXGJyb3dzZXI] stored for 5 files
[debug] [2024-09-25T14:26:52.263Z] [hosting][hash queue][FINAL] {"max":7,"min":4,"avg":4.8,"active":0,"complete":5,"success":5,"errored":0,"retried":0,"total":5,"elapsed":9}
[debug] [2024-09-25T14:26:52.264Z] >>> [apiv2][query] POST https://firebasehosting.googleapis.com/v1beta1/projects/446993719936/sites/angular-pokedex-app-28b72/versions/cea969592b0faaa6:populateFiles [none]
[debug] [2024-09-25T14:26:52.264Z] >>> [apiv2][body] POST https://firebasehosting.googleapis.com/v1beta1/projects/446993719936/sites/angular-pokedex-app-28b72/versions/cea969592b0faaa6:populateFiles {"files":{"/styles-5INURTSO.css":"46b50c321b39e89a491b6727a01628c34245605a30beb3e7414c5e01cff90e6e","/index.html":"3de58e18a78814b83f90e7f1f611841b6ab98541218ed7536a7b792f95eca52e","/polyfills-FFHMD2TL.js":"736494ba509ebe13a13ff57f0d4921ecfd9eb2ac4e8efe5d5fc1704b4b1d9b35","/favicon.ico":"a905b13e228420df3dbe746dfb656d37a49736494c0737d00e007c8dc7319912","/main-XOUSPOEL.js":"147e35a687e91be31880c7e14d6652129c881bfbabea2335e6dee2e568dbf1ff"}}
[debug] [2024-09-25T14:26:53.086Z] <<< [apiv2][status] POST https://firebasehosting.googleapis.com/v1beta1/projects/446993719936/sites/angular-pokedex-app-28b72/versions/cea969592b0faaa6:populateFiles 200
[debug] [2024-09-25T14:26:53.086Z] <<< [apiv2][body] POST https://firebasehosting.googleapis.com/v1beta1/projects/446993719936/sites/angular-pokedex-app-28b72/versions/cea969592b0faaa6:populateFiles {"uploadRequiredHashes":["736494ba509ebe13a13ff57f0d4921ecfd9eb2ac4e8efe5d5fc1704b4b1d9b35","a905b13e228420df3dbe746dfb656d37a49736494c0737d00e007c8dc7319912","147e35a687e91be31880c7e14d6652129c881bfbabea2335e6dee2e568dbf1ff","46b50c321b39e89a491b6727a01628c34245605a30beb3e7414c5e01cff90e6e","3de58e18a78814b83f90e7f1f611841b6ab98541218ed7536a7b792f95eca52e"],"uploadUrl":"https://upload-firebasehosting.googleapis.com/upload/sites/angular-pokedex-app-28b72/versions/cea969592b0faaa6/files"}
[debug] [2024-09-25T14:26:53.088Z] >>> [apiv2][query] POST https://upload-firebasehosting.googleapis.com/upload/sites/angular-pokedex-app-28b72/versions/cea969592b0faaa6/files/736494ba509ebe13a13ff57f0d4921ecfd9eb2ac4e8efe5d5fc1704b4b1d9b35 [none]
[debug] [2024-09-25T14:26:53.088Z] >>> [apiv2][body] POST https://upload-firebasehosting.googleapis.com/upload/sites/angular-pokedex-app-28b72/versions/cea969592b0faaa6/files/736494ba509ebe13a13ff57f0d4921ecfd9eb2ac4e8efe5d5fc1704b4b1d9b35 [stream]
[debug] [2024-09-25T14:26:53.089Z] >>> [apiv2][query] POST https://upload-firebasehosting.googleapis.com/upload/sites/angular-pokedex-app-28b72/versions/cea969592b0faaa6/files/a905b13e228420df3dbe746dfb656d37a49736494c0737d00e007c8dc7319912 [none]
[debug] [2024-09-25T14:26:53.089Z] >>> [apiv2][body] POST https://upload-firebasehosting.googleapis.com/upload/sites/angular-pokedex-app-28b72/versions/cea969592b0faaa6/files/a905b13e228420df3dbe746dfb656d37a49736494c0737d00e007c8dc7319912 [stream]
[debug] [2024-09-25T14:26:53.089Z] >>> [apiv2][query] POST https://upload-firebasehosting.googleapis.com/upload/sites/angular-pokedex-app-28b72/versions/cea969592b0faaa6/files/147e35a687e91be31880c7e14d6652129c881bfbabea2335e6dee2e568dbf1ff [none]
[debug] [2024-09-25T14:26:53.089Z] >>> [apiv2][body] POST https://upload-firebasehosting.googleapis.com/upload/sites/angular-pokedex-app-28b72/versions/cea969592b0faaa6/files/147e35a687e91be31880c7e14d6652129c881bfbabea2335e6dee2e568dbf1ff [stream]
[debug] [2024-09-25T14:26:53.090Z] >>> [apiv2][query] POST https://upload-firebasehosting.googleapis.com/upload/sites/angular-pokedex-app-28b72/versions/cea969592b0faaa6/files/46b50c321b39e89a491b6727a01628c34245605a30beb3e7414c5e01cff90e6e [none]
[debug] [2024-09-25T14:26:53.090Z] >>> [apiv2][body] POST https://upload-firebasehosting.googleapis.com/upload/sites/angular-pokedex-app-28b72/versions/cea969592b0faaa6/files/46b50c321b39e89a491b6727a01628c34245605a30beb3e7414c5e01cff90e6e [stream]
[debug] [2024-09-25T14:26:53.091Z] >>> [apiv2][query] POST https://upload-firebasehosting.googleapis.com/upload/sites/angular-pokedex-app-28b72/versions/cea969592b0faaa6/files/3de58e18a78814b83f90e7f1f611841b6ab98541218ed7536a7b792f95eca52e [none]
[debug] [2024-09-25T14:26:53.091Z] >>> [apiv2][body] POST https://upload-firebasehosting.googleapis.com/upload/sites/angular-pokedex-app-28b72/versions/cea969592b0faaa6/files/3de58e18a78814b83f90e7f1f611841b6ab98541218ed7536a7b792f95eca52e [stream]
[debug] [2024-09-25T14:26:53.092Z] [hosting][populate queue][FINAL] {"max":825,"min":825,"avg":825,"active":0,"complete":1,"success":1,"errored":0,"retried":0,"total":1,"elapsed":830}
[debug] [2024-09-25T14:26:53.092Z] [hosting] uploads queued: 5
[debug] [2024-09-25T14:26:54.008Z] <<< [apiv2][status] POST https://upload-firebasehosting.googleapis.com/upload/sites/angular-pokedex-app-28b72/versions/cea969592b0faaa6/files/a905b13e228420df3dbe746dfb656d37a49736494c0737d00e007c8dc7319912 200
[debug] [2024-09-25T14:26:54.009Z] <<< [apiv2][body] POST https://upload-firebasehosting.googleapis.com/upload/sites/angular-pokedex-app-28b72/versions/cea969592b0faaa6/files/a905b13e228420df3dbe746dfb656d37a49736494c0737d00e007c8dc7319912 [stream]
[debug] [2024-09-25T14:26:54.058Z] <<< [apiv2][status] POST https://upload-firebasehosting.googleapis.com/upload/sites/angular-pokedex-app-28b72/versions/cea969592b0faaa6/files/736494ba509ebe13a13ff57f0d4921ecfd9eb2ac4e8efe5d5fc1704b4b1d9b35 200
[debug] [2024-09-25T14:26:54.058Z] <<< [apiv2][body] POST https://upload-firebasehosting.googleapis.com/upload/sites/angular-pokedex-app-28b72/versions/cea969592b0faaa6/files/736494ba509ebe13a13ff57f0d4921ecfd9eb2ac4e8efe5d5fc1704b4b1d9b35 [stream]
[debug] [2024-09-25T14:26:54.178Z] <<< [apiv2][status] POST https://upload-firebasehosting.googleapis.com/upload/sites/angular-pokedex-app-28b72/versions/cea969592b0faaa6/files/46b50c321b39e89a491b6727a01628c34245605a30beb3e7414c5e01cff90e6e 200
[debug] [2024-09-25T14:26:54.178Z] <<< [apiv2][body] POST https://upload-firebasehosting.googleapis.com/upload/sites/angular-pokedex-app-28b72/versions/cea969592b0faaa6/files/46b50c321b39e89a491b6727a01628c34245605a30beb3e7414c5e01cff90e6e [stream]
[debug] [2024-09-25T14:26:54.198Z] <<< [apiv2][status] POST https://upload-firebasehosting.googleapis.com/upload/sites/angular-pokedex-app-28b72/versions/cea969592b0faaa6/files/147e35a687e91be31880c7e14d6652129c881bfbabea2335e6dee2e568dbf1ff 200
[debug] [2024-09-25T14:26:54.199Z] <<< [apiv2][body] POST https://upload-firebasehosting.googleapis.com/upload/sites/angular-pokedex-app-28b72/versions/cea969592b0faaa6/files/147e35a687e91be31880c7e14d6652129c881bfbabea2335e6dee2e568dbf1ff [stream]
[debug] [2024-09-25T14:26:54.945Z] <<< [apiv2][status] POST https://upload-firebasehosting.googleapis.com/upload/sites/angular-pokedex-app-28b72/versions/cea969592b0faaa6/files/3de58e18a78814b83f90e7f1f611841b6ab98541218ed7536a7b792f95eca52e 200
[debug] [2024-09-25T14:26:54.946Z] <<< [apiv2][body] POST https://upload-firebasehosting.googleapis.com/upload/sites/angular-pokedex-app-28b72/versions/cea969592b0faaa6/files/3de58e18a78814b83f90e7f1f611841b6ab98541218ed7536a7b792f95eca52e [stream]
[debug] [2024-09-25T14:26:54.946Z] [hosting][upload queue][FINAL] {"max":1859,"min":922,"avg":1191.4,"active":0,"complete":5,"success":5,"errored":0,"retried":0,"total":5,"elapsed":1860}
[info] +  hosting[angular-pokedex-app-28b72]: file upload complete 
[debug] [2024-09-25T14:26:54.948Z] [hosting] deploy completed after 2704ms
[debug] [2024-09-25T14:26:54.949Z] [
  {
    "config": {
      "public": "dist/angular-pokedex-app/browser",
      "ignore": [
        "firebase.json",
        "**/.*",
        "**/node_modules/**"
      ],
      "rewrites": [
        {
          "source": "**",
          "destination": "/index.html"
        }
      ],
      "site": "angular-pokedex-app-28b72"
    },
    "version": "projects/446993719936/sites/angular-pokedex-app-28b72/versions/cea969592b0faaa6"
  }
]
[info] i  hosting[angular-pokedex-app-28b72]: finalizing version... 
[debug] [2024-09-25T14:26:54.952Z] >>> [apiv2][query] PATCH https://firebasehosting.googleapis.com/v1beta1/projects/-/sites/angular-pokedex-app-28b72/versions/cea969592b0faaa6 updateMask=status%2Cconfig
[debug] [2024-09-25T14:26:54.952Z] >>> [apiv2][body] PATCH https://firebasehosting.googleapis.com/v1beta1/projects/-/sites/angular-pokedex-app-28b72/versions/cea969592b0faaa6 {"status":"FINALIZED","config":{"rewrites":[{"glob":"**","path":"/index.html"}]}}
[debug] [2024-09-25T14:26:55.780Z] <<< [apiv2][status] PATCH https://firebasehosting.googleapis.com/v1beta1/projects/-/sites/angular-pokedex-app-28b72/versions/cea969592b0faaa6 200
[debug] [2024-09-25T14:26:55.780Z] <<< [apiv2][body] PATCH https://firebasehosting.googleapis.com/v1beta1/projects/-/sites/angular-pokedex-app-28b72/versions/cea969592b0faaa6 {"name":"projects/446993719936/sites/angular-pokedex-app-28b72/versions/cea969592b0faaa6","status":"FINALIZED","config":{"rewrites":[{"glob":"**","path":"/index.html"}]},"labels":{"deployment-tool":"cli-firebase"},"createTime":"2024-09-25T14:26:31.777463Z","createUser":{"email":"ghislain.anciaux@gmail.com"},"finalizeTime":"2024-09-25T14:26:55.549301Z","finalizeUser":{"email":"ghislain.anciaux@gmail.com"}}
[debug] [2024-09-25T14:26:55.780Z] [hosting] finalized version for angular-pokedex-app-28b72:[object Object]
[info] +  hosting[angular-pokedex-app-28b72]: version finalized 
[info] i  hosting[angular-pokedex-app-28b72]: releasing new version... 
[debug] [2024-09-25T14:26:55.782Z] >>> [apiv2][query] POST https://firebasehosting.googleapis.com/v1beta1/projects/-/sites/angular-pokedex-app-28b72/channels/live/releases versionName=projects%2F446993719936%2Fsites%2Fangular-pokedex-app-28b72%2Fversions%2Fcea969592b0faaa6
[debug] [2024-09-25T14:26:55.782Z] >>> [apiv2][body] POST https://firebasehosting.googleapis.com/v1beta1/projects/-/sites/angular-pokedex-app-28b72/channels/live/releases {}
[debug] [2024-09-25T14:26:56.638Z] <<< [apiv2][status] POST https://firebasehosting.googleapis.com/v1beta1/projects/-/sites/angular-pokedex-app-28b72/channels/live/releases 200
[debug] [2024-09-25T14:26:56.638Z] <<< [apiv2][body] POST https://firebasehosting.googleapis.com/v1beta1/projects/-/sites/angular-pokedex-app-28b72/channels/live/releases {"name":"projects/446993719936/sites/angular-pokedex-app-28b72/channels/live/releases/1727274415869000","version":{"name":"projects/446993719936/sites/angular-pokedex-app-28b72/versions/cea969592b0faaa6","status":"FINALIZED","config":{"rewrites":[{"glob":"**","path":"/index.html"}]},"labels":{"deployment-tool":"cli-firebase"},"createTime":"2024-09-25T14:26:31.777463Z","createUser":{"email":"ghislain.anciaux@gmail.com","imageUrl":"https://lh3.googleusercontent.com/a/ACg8ocJZ1xuYob-RGtk4pI33tJfq4NXWRv_sxi6gluBI5JQ7fjvreA=mo"},"finalizeTime":"2024-09-25T14:26:55.549301Z","finalizeUser":{"email":"ghislain.anciaux@gmail.com","imageUrl":"https://lh3.googleusercontent.com/a/ACg8ocJZ1xuYob-RGtk4pI33tJfq4NXWRv_sxi6gluBI5JQ7fjvreA=mo"}},"type":"DEPLOY","releaseTime":"2024-09-25T14:26:55.869Z","releaseUser":{"email":"ghislain.anciaux@gmail.com","imageUrl":"https://lh3.googleusercontent.com/a/ACg8ocJZ1xuYob-RGtk4pI33tJfq4NXWRv_sxi6gluBI5JQ7fjvreA=mo"}}
[debug] [2024-09-25T14:26:56.638Z] [hosting] release: {"name":"projects/446993719936/sites/angular-pokedex-app-28b72/channels/live/releases/1727274415869000","version":{"name":"projects/446993719936/sites/angular-pokedex-app-28b72/versions/cea969592b0faaa6","status":"FINALIZED","config":{"rewrites":[{"glob":"**","path":"/index.html"}]},"labels":{"deployment-tool":"cli-firebase"},"createTime":"2024-09-25T14:26:31.777463Z","createUser":{"email":"ghislain.anciaux@gmail.com","imageUrl":"https://lh3.googleusercontent.com/a/ACg8ocJZ1xuYob-RGtk4pI33tJfq4NXWRv_sxi6gluBI5JQ7fjvreA=mo"},"finalizeTime":"2024-09-25T14:26:55.549301Z","finalizeUser":{"email":"ghislain.anciaux@gmail.com","imageUrl":"https://lh3.googleusercontent.com/a/ACg8ocJZ1xuYob-RGtk4pI33tJfq4NXWRv_sxi6gluBI5JQ7fjvreA=mo"}},"type":"DEPLOY","releaseTime":"2024-09-25T14:26:55.869Z","releaseUser":{"email":"ghislain.anciaux@gmail.com","imageUrl":"https://lh3.googleusercontent.com/a/ACg8ocJZ1xuYob-RGtk4pI33tJfq4NXWRv_sxi6gluBI5JQ7fjvreA=mo"}}
[info] +  hosting[angular-pokedex-app-28b72]: release complete 
[info] 
[info] +  Deploy complete! 
[info] 
[info] Project Console: https://console.firebase.google.com/project/angular-pokedex-app-28b72/overview
[info] Hosting URL: https://angular-pokedex-app-28b72.web.app
[debug] [2024-09-25T14:27:27.722Z] Error: Timed out.
    at Timeout._onTimeout (C:\Users\Admin\AppData\Roaming\npm\node_modules\firebase-tools\lib\utils.js:268:49)
    at listOnTimeout (node:internal/timers:573:17)
    at process.processTimers (node:internal/timers:514:7)
[error] 
[error] Error: An unexpected error has occurred.
[debug] [2024-09-25T14:28:59.818Z] ----------------------------------------------------------------------
[debug] [2024-09-25T14:28:59.820Z] Command:       C:\Program Files\nodejs\node.exe C:\Users\Admin\AppData\Roaming\npm\node_modules\firebase-tools\lib\bin\firebase.js deploy
[debug] [2024-09-25T14:28:59.820Z] CLI Version:   13.19.0
[debug] [2024-09-25T14:28:59.821Z] Platform:      win32
[debug] [2024-09-25T14:28:59.821Z] Node Version:  v20.11.0
[debug] [2024-09-25T14:28:59.821Z] Time:          Wed Sep 25 2024 16:28:59 GMT+0200 (heure d’été d’Europe centrale)
[debug] [2024-09-25T14:28:59.821Z] ----------------------------------------------------------------------
[debug] 
[debug] [2024-09-25T14:28:59.862Z] > command requires scopes: ["email","openid","https://www.googleapis.com/auth/cloudplatformprojects.readonly","https://www.googleapis.com/auth/firebase","https://www.googleapis.com/auth/cloud-platform"]
[debug] [2024-09-25T14:28:59.862Z] > authorizing via signed-in user (ghislain.anciaux@gmail.com)
[debug] [2024-09-25T14:28:59.862Z] [iam] checking project angular-pokedex-app-28b72 for permissions ["firebase.projects.get","firebasehosting.sites.update"]
[debug] [2024-09-25T14:28:59.864Z] >>> [apiv2][query] POST https://cloudresourcemanager.googleapis.com/v1/projects/angular-pokedex-app-28b72:testIamPermissions [none]
[debug] [2024-09-25T14:28:59.864Z] >>> [apiv2][(partial)header] POST https://cloudresourcemanager.googleapis.com/v1/projects/angular-pokedex-app-28b72:testIamPermissions x-goog-quota-user=projects/angular-pokedex-app-28b72
[debug] [2024-09-25T14:28:59.864Z] >>> [apiv2][body] POST https://cloudresourcemanager.googleapis.com/v1/projects/angular-pokedex-app-28b72:testIamPermissions {"permissions":["firebase.projects.get","firebasehosting.sites.update"]}
[debug] [2024-09-25T14:29:00.079Z] <<< [apiv2][status] POST https://cloudresourcemanager.googleapis.com/v1/projects/angular-pokedex-app-28b72:testIamPermissions 200
[debug] [2024-09-25T14:29:00.080Z] <<< [apiv2][body] POST https://cloudresourcemanager.googleapis.com/v1/projects/angular-pokedex-app-28b72:testIamPermissions {"permissions":["firebase.projects.get","firebasehosting.sites.update"]}
[debug] [2024-09-25T14:29:00.081Z] >>> [apiv2][query] GET https://firebase.googleapis.com/v1beta1/projects/angular-pokedex-app-28b72 [none]
[debug] [2024-09-25T14:29:00.540Z] <<< [apiv2][status] GET https://firebase.googleapis.com/v1beta1/projects/angular-pokedex-app-28b72 200
[debug] [2024-09-25T14:29:00.541Z] <<< [apiv2][body] GET https://firebase.googleapis.com/v1beta1/projects/angular-pokedex-app-28b72 {"projectId":"angular-pokedex-app-28b72","projectNumber":"446993719936","displayName":"angular-pokedex-app","name":"projects/angular-pokedex-app-28b72","resources":{"hostingSite":"angular-pokedex-app-28b72"},"state":"ACTIVE","etag":"1_9fe5109e-0f59-4add-b2c0-67622165f17a"}
[info] 
[info] === Deploying to 'angular-pokedex-app-28b72'...
[info] 
[info] i  deploying hosting 
[debug] [2024-09-25T14:29:00.550Z] >>> [apiv2][query] POST https://firebasehosting.googleapis.com/v1beta1/projects/-/sites/angular-pokedex-app-28b72/versions [none]
[debug] [2024-09-25T14:29:00.550Z] >>> [apiv2][body] POST https://firebasehosting.googleapis.com/v1beta1/projects/-/sites/angular-pokedex-app-28b72/versions {"status":"CREATED","labels":{"deployment-tool":"cli-firebase"}}
[debug] [2024-09-25T14:29:01.570Z] <<< [apiv2][status] POST https://firebasehosting.googleapis.com/v1beta1/projects/-/sites/angular-pokedex-app-28b72/versions 200
[debug] [2024-09-25T14:29:01.570Z] <<< [apiv2][body] POST https://firebasehosting.googleapis.com/v1beta1/projects/-/sites/angular-pokedex-app-28b72/versions {"name":"projects/446993719936/sites/angular-pokedex-app-28b72/versions/3f49002af42551a1","status":"CREATED","config":{},"labels":{"deployment-tool":"cli-firebase"}}
[info] i  hosting[angular-pokedex-app-28b72]: beginning deploy... 
[info] i  hosting[angular-pokedex-app-28b72]: found 6 files in dist/angular-pokedex-app/browser 
[debug] [2024-09-25T14:29:21.614Z] [hosting] uploading with 200 concurrency
[debug] [2024-09-25T14:29:21.625Z] [hosting] hash cache [ZGlzdFxhbmd1bGFyLXBva2VkZXgtYXBwXGJyb3dzZXI] stored for 6 files
[debug] [2024-09-25T14:29:21.625Z] [hosting][hash queue][FINAL] {"max":7,"min":0,"avg":4.333333333333333,"active":0,"complete":6,"success":6,"errored":0,"retried":0,"total":6,"elapsed":9}
[debug] [2024-09-25T14:29:21.626Z] >>> [apiv2][query] POST https://firebasehosting.googleapis.com/v1beta1/projects/446993719936/sites/angular-pokedex-app-28b72/versions/3f49002af42551a1:populateFiles [none]
[debug] [2024-09-25T14:29:21.626Z] >>> [apiv2][body] POST https://firebasehosting.googleapis.com/v1beta1/projects/446993719936/sites/angular-pokedex-app-28b72/versions/3f49002af42551a1:populateFiles {"files":{"/favicon.ico":"a905b13e228420df3dbe746dfb656d37a49736494c0737d00e007c8dc7319912","/styles-5INURTSO.css":"46b50c321b39e89a491b6727a01628c34245605a30beb3e7414c5e01cff90e6e","/index.html":"de65048462410071ea89f350a11f8b776aee1adacfc729b00ec51b738ff7324b","/404.html":"762bf484ba67404bd1a3b181546ea28d60dfddf18e9dd4795d8d25bcf3c1a890","/polyfills-FFHMD2TL.js":"736494ba509ebe13a13ff57f0d4921ecfd9eb2ac4e8efe5d5fc1704b4b1d9b35","/main-TVS3OJRO.js":"699ab9e0b4c12a753301e566cf480ddfe61d997aa7e674b776f857a9f8edfd2e"}}
[debug] [2024-09-25T14:29:22.468Z] <<< [apiv2][status] POST https://firebasehosting.googleapis.com/v1beta1/projects/446993719936/sites/angular-pokedex-app-28b72/versions/3f49002af42551a1:populateFiles 200
[debug] [2024-09-25T14:29:22.468Z] <<< [apiv2][body] POST https://firebasehosting.googleapis.com/v1beta1/projects/446993719936/sites/angular-pokedex-app-28b72/versions/3f49002af42551a1:populateFiles {"uploadRequiredHashes":["de65048462410071ea89f350a11f8b776aee1adacfc729b00ec51b738ff7324b","762bf484ba67404bd1a3b181546ea28d60dfddf18e9dd4795d8d25bcf3c1a890","699ab9e0b4c12a753301e566cf480ddfe61d997aa7e674b776f857a9f8edfd2e"],"uploadUrl":"https://upload-firebasehosting.googleapis.com/upload/sites/angular-pokedex-app-28b72/versions/3f49002af42551a1/files"}
[debug] [2024-09-25T14:29:22.470Z] >>> [apiv2][query] POST https://upload-firebasehosting.googleapis.com/upload/sites/angular-pokedex-app-28b72/versions/3f49002af42551a1/files/de65048462410071ea89f350a11f8b776aee1adacfc729b00ec51b738ff7324b [none]
[debug] [2024-09-25T14:29:22.471Z] >>> [apiv2][body] POST https://upload-firebasehosting.googleapis.com/upload/sites/angular-pokedex-app-28b72/versions/3f49002af42551a1/files/de65048462410071ea89f350a11f8b776aee1adacfc729b00ec51b738ff7324b [stream]
[debug] [2024-09-25T14:29:22.472Z] >>> [apiv2][query] POST https://upload-firebasehosting.googleapis.com/upload/sites/angular-pokedex-app-28b72/versions/3f49002af42551a1/files/762bf484ba67404bd1a3b181546ea28d60dfddf18e9dd4795d8d25bcf3c1a890 [none]
[debug] [2024-09-25T14:29:22.472Z] >>> [apiv2][body] POST https://upload-firebasehosting.googleapis.com/upload/sites/angular-pokedex-app-28b72/versions/3f49002af42551a1/files/762bf484ba67404bd1a3b181546ea28d60dfddf18e9dd4795d8d25bcf3c1a890 [stream]
[debug] [2024-09-25T14:29:22.473Z] >>> [apiv2][query] POST https://upload-firebasehosting.googleapis.com/upload/sites/angular-pokedex-app-28b72/versions/3f49002af42551a1/files/699ab9e0b4c12a753301e566cf480ddfe61d997aa7e674b776f857a9f8edfd2e [none]
[debug] [2024-09-25T14:29:22.473Z] >>> [apiv2][body] POST https://upload-firebasehosting.googleapis.com/upload/sites/angular-pokedex-app-28b72/versions/3f49002af42551a1/files/699ab9e0b4c12a753301e566cf480ddfe61d997aa7e674b776f857a9f8edfd2e [stream]
[debug] [2024-09-25T14:29:22.475Z] [hosting][populate queue][FINAL] {"max":846,"min":846,"avg":846,"active":0,"complete":1,"success":1,"errored":0,"retried":0,"total":1,"elapsed":851}
[debug] [2024-09-25T14:29:22.475Z] [hosting] uploads queued: 3
[debug] [2024-09-25T14:29:23.261Z] <<< [apiv2][status] POST https://upload-firebasehosting.googleapis.com/upload/sites/angular-pokedex-app-28b72/versions/3f49002af42551a1/files/762bf484ba67404bd1a3b181546ea28d60dfddf18e9dd4795d8d25bcf3c1a890 200
[debug] [2024-09-25T14:29:23.261Z] <<< [apiv2][body] POST https://upload-firebasehosting.googleapis.com/upload/sites/angular-pokedex-app-28b72/versions/3f49002af42551a1/files/762bf484ba67404bd1a3b181546ea28d60dfddf18e9dd4795d8d25bcf3c1a890 [stream]
[debug] [2024-09-25T14:29:23.358Z] <<< [apiv2][status] POST https://upload-firebasehosting.googleapis.com/upload/sites/angular-pokedex-app-28b72/versions/3f49002af42551a1/files/699ab9e0b4c12a753301e566cf480ddfe61d997aa7e674b776f857a9f8edfd2e 200
[debug] [2024-09-25T14:29:23.359Z] <<< [apiv2][body] POST https://upload-firebasehosting.googleapis.com/upload/sites/angular-pokedex-app-28b72/versions/3f49002af42551a1/files/699ab9e0b4c12a753301e566cf480ddfe61d997aa7e674b776f857a9f8edfd2e [stream]
[debug] [2024-09-25T14:29:23.972Z] <<< [apiv2][status] POST https://upload-firebasehosting.googleapis.com/upload/sites/angular-pokedex-app-28b72/versions/3f49002af42551a1/files/de65048462410071ea89f350a11f8b776aee1adacfc729b00ec51b738ff7324b 200
[debug] [2024-09-25T14:29:23.973Z] <<< [apiv2][body] POST https://upload-firebasehosting.googleapis.com/upload/sites/angular-pokedex-app-28b72/versions/3f49002af42551a1/files/de65048462410071ea89f350a11f8b776aee1adacfc729b00ec51b738ff7324b [stream]
[debug] [2024-09-25T14:29:23.973Z] [hosting][upload queue][FINAL] {"max":1504,"min":792,"avg":1061.6666666666667,"active":0,"complete":3,"success":3,"errored":0,"retried":0,"total":3,"elapsed":1504}
[info] +  hosting[angular-pokedex-app-28b72]: file upload complete 
[debug] [2024-09-25T14:29:23.976Z] [hosting] deploy completed after 2374ms
[debug] [2024-09-25T14:29:23.977Z] [
  {
    "config": {
      "public": "dist/angular-pokedex-app/browser",
      "ignore": [
        "firebase.json",
        "**/.*",
        "**/node_modules/**"
      ],
      "rewrites": [
        {
          "source": "**",
          "destination": "/index.html"
        }
      ],
      "site": "angular-pokedex-app-28b72"
    },
    "version": "projects/446993719936/sites/angular-pokedex-app-28b72/versions/3f49002af42551a1"
  }
]
[info] i  hosting[angular-pokedex-app-28b72]: finalizing version... 
[debug] [2024-09-25T14:29:23.979Z] >>> [apiv2][query] PATCH https://firebasehosting.googleapis.com/v1beta1/projects/-/sites/angular-pokedex-app-28b72/versions/3f49002af42551a1 updateMask=status%2Cconfig
[debug] [2024-09-25T14:29:23.979Z] >>> [apiv2][body] PATCH https://firebasehosting.googleapis.com/v1beta1/projects/-/sites/angular-pokedex-app-28b72/versions/3f49002af42551a1 {"status":"FINALIZED","config":{"rewrites":[{"glob":"**","path":"/index.html"}]}}
[debug] [2024-09-25T14:29:24.775Z] <<< [apiv2][status] PATCH https://firebasehosting.googleapis.com/v1beta1/projects/-/sites/angular-pokedex-app-28b72/versions/3f49002af42551a1 200
[debug] [2024-09-25T14:29:24.775Z] <<< [apiv2][body] PATCH https://firebasehosting.googleapis.com/v1beta1/projects/-/sites/angular-pokedex-app-28b72/versions/3f49002af42551a1 {"name":"projects/446993719936/sites/angular-pokedex-app-28b72/versions/3f49002af42551a1","status":"FINALIZED","config":{"rewrites":[{"glob":"**","path":"/index.html"}]},"labels":{"deployment-tool":"cli-firebase"},"createTime":"2024-09-25T14:29:01.119652Z","createUser":{"email":"ghislain.anciaux@gmail.com"},"finalizeTime":"2024-09-25T14:29:24.552974Z","finalizeUser":{"email":"ghislain.anciaux@gmail.com"}}
[debug] [2024-09-25T14:29:24.776Z] [hosting] finalized version for angular-pokedex-app-28b72:[object Object]
[info] +  hosting[angular-pokedex-app-28b72]: version finalized 
[info] i  hosting[angular-pokedex-app-28b72]: releasing new version... 
[debug] [2024-09-25T14:29:24.778Z] >>> [apiv2][query] POST https://firebasehosting.googleapis.com/v1beta1/projects/-/sites/angular-pokedex-app-28b72/channels/live/releases versionName=projects%2F446993719936%2Fsites%2Fangular-pokedex-app-28b72%2Fversions%2F3f49002af42551a1
[debug] [2024-09-25T14:29:24.778Z] >>> [apiv2][body] POST https://firebasehosting.googleapis.com/v1beta1/projects/-/sites/angular-pokedex-app-28b72/channels/live/releases {}
[debug] [2024-09-25T14:29:25.630Z] <<< [apiv2][status] POST https://firebasehosting.googleapis.com/v1beta1/projects/-/sites/angular-pokedex-app-28b72/channels/live/releases 200
[debug] [2024-09-25T14:29:25.630Z] <<< [apiv2][body] POST https://firebasehosting.googleapis.com/v1beta1/projects/-/sites/angular-pokedex-app-28b72/channels/live/releases {"name":"projects/446993719936/sites/angular-pokedex-app-28b72/channels/live/releases/1727274564860000","version":{"name":"projects/446993719936/sites/angular-pokedex-app-28b72/versions/3f49002af42551a1","status":"FINALIZED","config":{"rewrites":[{"glob":"**","path":"/index.html"}]},"labels":{"deployment-tool":"cli-firebase"},"createTime":"2024-09-25T14:29:01.119652Z","createUser":{"email":"ghislain.anciaux@gmail.com","imageUrl":"https://lh3.googleusercontent.com/a/ACg8ocJZ1xuYob-RGtk4pI33tJfq4NXWRv_sxi6gluBI5JQ7fjvreA=mo"},"finalizeTime":"2024-09-25T14:29:24.552974Z","finalizeUser":{"email":"ghislain.anciaux@gmail.com","imageUrl":"https://lh3.googleusercontent.com/a/ACg8ocJZ1xuYob-RGtk4pI33tJfq4NXWRv_sxi6gluBI5JQ7fjvreA=mo"}},"type":"DEPLOY","releaseTime":"2024-09-25T14:29:24.860Z","releaseUser":{"email":"ghislain.anciaux@gmail.com","imageUrl":"https://lh3.googleusercontent.com/a/ACg8ocJZ1xuYob-RGtk4pI33tJfq4NXWRv_sxi6gluBI5JQ7fjvreA=mo"}}
[debug] [2024-09-25T14:29:25.630Z] [hosting] release: {"name":"projects/446993719936/sites/angular-pokedex-app-28b72/channels/live/releases/1727274564860000","version":{"name":"projects/446993719936/sites/angular-pokedex-app-28b72/versions/3f49002af42551a1","status":"FINALIZED","config":{"rewrites":[{"glob":"**","path":"/index.html"}]},"labels":{"deployment-tool":"cli-firebase"},"createTime":"2024-09-25T14:29:01.119652Z","createUser":{"email":"ghislain.anciaux@gmail.com","imageUrl":"https://lh3.googleusercontent.com/a/ACg8ocJZ1xuYob-RGtk4pI33tJfq4NXWRv_sxi6gluBI5JQ7fjvreA=mo"},"finalizeTime":"2024-09-25T14:29:24.552974Z","finalizeUser":{"email":"ghislain.anciaux@gmail.com","imageUrl":"https://lh3.googleusercontent.com/a/ACg8ocJZ1xuYob-RGtk4pI33tJfq4NXWRv_sxi6gluBI5JQ7fjvreA=mo"}},"type":"DEPLOY","releaseTime":"2024-09-25T14:29:24.860Z","releaseUser":{"email":"ghislain.anciaux@gmail.com","imageUrl":"https://lh3.googleusercontent.com/a/ACg8ocJZ1xuYob-RGtk4pI33tJfq4NXWRv_sxi6gluBI5JQ7fjvreA=mo"}}
[info] +  hosting[angular-pokedex-app-28b72]: release complete 
[info] 
[info] +  Deploy complete! 
[info] 
[info] Project Console: https://console.firebase.google.com/project/angular-pokedex-app-28b72/overview
[info] Hosting URL: https://angular-pokedex-app-28b72.web.app
[debug] [2024-09-25T14:29:56.706Z] Error: Timed out.
    at Timeout._onTimeout (C:\Users\Admin\AppData\Roaming\npm\node_modules\firebase-tools\lib\utils.js:268:49)
    at listOnTimeout (node:internal/timers:573:17)
    at process.processTimers (node:internal/timers:514:7)
[error] 
[error] Error: An unexpected error has occurred.
[debug] [2024-09-26T14:59:16.879Z] ----------------------------------------------------------------------
[debug] [2024-09-26T14:59:16.882Z] Command:       C:\Program Files\nodejs\node.exe C:\Users\Admin\AppData\Roaming\npm\node_modules\firebase-tools\lib\bin\firebase.js deploy
[debug] [2024-09-26T14:59:16.882Z] CLI Version:   13.19.0
[debug] [2024-09-26T14:59:16.882Z] Platform:      win32
[debug] [2024-09-26T14:59:16.882Z] Node Version:  v20.11.0
[debug] [2024-09-26T14:59:16.883Z] Time:          Thu Sep 26 2024 16:59:16 GMT+0200 (heure d’été d’Europe centrale)
[debug] [2024-09-26T14:59:16.883Z] ----------------------------------------------------------------------
[debug] 
[debug] [2024-09-26T14:59:16.885Z] >>> [apiv2][query] GET https://firebase-public.firebaseio.com/cli.json [none]
[debug] [2024-09-26T14:59:16.937Z] > command requires scopes: ["email","openid","https://www.googleapis.com/auth/cloudplatformprojects.readonly","https://www.googleapis.com/auth/firebase","https://www.googleapis.com/auth/cloud-platform"]
[debug] [2024-09-26T14:59:16.938Z] > authorizing via signed-in user (ghislain.anciaux@gmail.com)
[debug] [2024-09-26T14:59:16.938Z] [iam] checking project angular-pokedex-app-28b72 for permissions ["firebase.projects.get","firebasehosting.sites.update"]
[debug] [2024-09-26T14:59:16.938Z] > refreshing access token with scopes: []
[debug] [2024-09-26T14:59:16.939Z] >>> [apiv2][query] POST https://www.googleapis.com/oauth2/v3/token [none]
[debug] [2024-09-26T14:59:16.939Z] >>> [apiv2][body] POST https://www.googleapis.com/oauth2/v3/token [omitted]
[debug] [2024-09-26T14:59:17.059Z] <<< [apiv2][status] POST https://www.googleapis.com/oauth2/v3/token 200
[debug] [2024-09-26T14:59:17.059Z] <<< [apiv2][body] POST https://www.googleapis.com/oauth2/v3/token [omitted]
[debug] [2024-09-26T14:59:17.067Z] >>> [apiv2][query] POST https://cloudresourcemanager.googleapis.com/v1/projects/angular-pokedex-app-28b72:testIamPermissions [none]
[debug] [2024-09-26T14:59:17.067Z] >>> [apiv2][(partial)header] POST https://cloudresourcemanager.googleapis.com/v1/projects/angular-pokedex-app-28b72:testIamPermissions x-goog-quota-user=projects/angular-pokedex-app-28b72
[debug] [2024-09-26T14:59:17.068Z] >>> [apiv2][body] POST https://cloudresourcemanager.googleapis.com/v1/projects/angular-pokedex-app-28b72:testIamPermissions {"permissions":["firebase.projects.get","firebasehosting.sites.update"]}
[debug] [2024-09-26T14:59:17.251Z] <<< [apiv2][status] GET https://firebase-public.firebaseio.com/cli.json 200
[debug] [2024-09-26T14:59:17.251Z] <<< [apiv2][body] GET https://firebase-public.firebaseio.com/cli.json {"cloudBuildErrorAfter":1594252800000,"cloudBuildWarnAfter":1590019200000,"defaultNode10After":1594252800000,"minVersion":"3.0.5","node8DeploysDisabledAfter":1613390400000,"node8RuntimeDisabledAfter":1615809600000,"node8WarnAfter":1600128000000}
[debug] [2024-09-26T14:59:17.766Z] <<< [apiv2][status] POST https://cloudresourcemanager.googleapis.com/v1/projects/angular-pokedex-app-28b72:testIamPermissions 200
[debug] [2024-09-26T14:59:17.766Z] <<< [apiv2][body] POST https://cloudresourcemanager.googleapis.com/v1/projects/angular-pokedex-app-28b72:testIamPermissions {"permissions":["firebase.projects.get","firebasehosting.sites.update"]}
[debug] [2024-09-26T14:59:17.768Z] >>> [apiv2][query] GET https://firebase.googleapis.com/v1beta1/projects/angular-pokedex-app-28b72 [none]
[debug] [2024-09-26T14:59:18.053Z] <<< [apiv2][status] GET https://firebase.googleapis.com/v1beta1/projects/angular-pokedex-app-28b72 200
[debug] [2024-09-26T14:59:18.053Z] <<< [apiv2][body] GET https://firebase.googleapis.com/v1beta1/projects/angular-pokedex-app-28b72 {"projectId":"angular-pokedex-app-28b72","projectNumber":"446993719936","displayName":"angular-pokedex-app","name":"projects/angular-pokedex-app-28b72","resources":{"hostingSite":"angular-pokedex-app-28b72"},"state":"ACTIVE","etag":"1_9fe5109e-0f59-4add-b2c0-67622165f17a"}
[info] 
[info] === Deploying to 'angular-pokedex-app-28b72'...
[info] 
[info] i  deploying hosting 
[debug] [2024-09-26T14:59:18.061Z] >>> [apiv2][query] POST https://firebasehosting.googleapis.com/v1beta1/projects/-/sites/angular-pokedex-app-28b72/versions [none]
[debug] [2024-09-26T14:59:18.062Z] >>> [apiv2][body] POST https://firebasehosting.googleapis.com/v1beta1/projects/-/sites/angular-pokedex-app-28b72/versions {"status":"CREATED","labels":{"deployment-tool":"cli-firebase"}}
[debug] [2024-09-26T14:59:19.232Z] <<< [apiv2][status] POST https://firebasehosting.googleapis.com/v1beta1/projects/-/sites/angular-pokedex-app-28b72/versions 200
[debug] [2024-09-26T14:59:19.233Z] <<< [apiv2][body] POST https://firebasehosting.googleapis.com/v1beta1/projects/-/sites/angular-pokedex-app-28b72/versions {"name":"projects/446993719936/sites/angular-pokedex-app-28b72/versions/4289efef0a6ba58a","status":"CREATED","config":{},"labels":{"deployment-tool":"cli-firebase"}}
[info] i  hosting[angular-pokedex-app-28b72]: beginning deploy... 
[info] i  hosting[angular-pokedex-app-28b72]: found 7 files in dist/angular-pokedex-app/browser 
[debug] [2024-09-26T14:59:39.086Z] [hosting] uploading with 200 concurrency
[debug] [2024-09-26T14:59:39.105Z] [hosting] hash cache [ZGlzdFxhbmd1bGFyLXBva2VkZXgtYXBwXGJyb3dzZXI] stored for 7 files
[debug] [2024-09-26T14:59:39.105Z] [hosting][hash queue][FINAL] {"max":11,"min":0,"avg":5.857142857142857,"active":0,"complete":7,"success":7,"errored":0,"retried":0,"total":7,"elapsed":15}
[debug] [2024-09-26T14:59:39.105Z] >>> [apiv2][query] POST https://firebasehosting.googleapis.com/v1beta1/projects/446993719936/sites/angular-pokedex-app-28b72/versions/4289efef0a6ba58a:populateFiles [none]
[debug] [2024-09-26T14:59:39.105Z] >>> [apiv2][body] POST https://firebasehosting.googleapis.com/v1beta1/projects/446993719936/sites/angular-pokedex-app-28b72/versions/4289efef0a6ba58a:populateFiles {"files":{"/favicon.ico":"a905b13e228420df3dbe746dfb656d37a49736494c0737d00e007c8dc7319912","/404.html":"762bf484ba67404bd1a3b181546ea28d60dfddf18e9dd4795d8d25bcf3c1a890","/styles-5INURTSO.css":"46b50c321b39e89a491b6727a01628c34245605a30beb3e7414c5e01cff90e6e","/index.html":"3ac4a465dde5cb21b0f740bfa0dd0cd535c95e2ae35fb48479bb83904386e581","/polyfills-FFHMD2TL.js":"736494ba509ebe13a13ff57f0d4921ecfd9eb2ac4e8efe5d5fc1704b4b1d9b35","/images/025.png":"1815bf0061d17991bef7b817dd0ad49f0471c8c6eda1462ae0385e32c33c2425","/main-W3KZP6X5.js":"ef5052f685cfa2c0497d359f1ec3d8e797dc7e1c91c36c00fa8886a3157d6827"}}
[debug] [2024-09-26T14:59:39.944Z] <<< [apiv2][status] POST https://firebasehosting.googleapis.com/v1beta1/projects/446993719936/sites/angular-pokedex-app-28b72/versions/4289efef0a6ba58a:populateFiles 200
[debug] [2024-09-26T14:59:39.944Z] <<< [apiv2][body] POST https://firebasehosting.googleapis.com/v1beta1/projects/446993719936/sites/angular-pokedex-app-28b72/versions/4289efef0a6ba58a:populateFiles {"uploadRequiredHashes":["ef5052f685cfa2c0497d359f1ec3d8e797dc7e1c91c36c00fa8886a3157d6827","3ac4a465dde5cb21b0f740bfa0dd0cd535c95e2ae35fb48479bb83904386e581","1815bf0061d17991bef7b817dd0ad49f0471c8c6eda1462ae0385e32c33c2425"],"uploadUrl":"https://upload-firebasehosting.googleapis.com/upload/sites/angular-pokedex-app-28b72/versions/4289efef0a6ba58a/files"}
[debug] [2024-09-26T14:59:39.945Z] >>> [apiv2][query] POST https://upload-firebasehosting.googleapis.com/upload/sites/angular-pokedex-app-28b72/versions/4289efef0a6ba58a/files/ef5052f685cfa2c0497d359f1ec3d8e797dc7e1c91c36c00fa8886a3157d6827 [none]
[debug] [2024-09-26T14:59:39.945Z] >>> [apiv2][body] POST https://upload-firebasehosting.googleapis.com/upload/sites/angular-pokedex-app-28b72/versions/4289efef0a6ba58a/files/ef5052f685cfa2c0497d359f1ec3d8e797dc7e1c91c36c00fa8886a3157d6827 [stream]
[debug] [2024-09-26T14:59:39.946Z] >>> [apiv2][query] POST https://upload-firebasehosting.googleapis.com/upload/sites/angular-pokedex-app-28b72/versions/4289efef0a6ba58a/files/3ac4a465dde5cb21b0f740bfa0dd0cd535c95e2ae35fb48479bb83904386e581 [none]
[debug] [2024-09-26T14:59:39.946Z] >>> [apiv2][body] POST https://upload-firebasehosting.googleapis.com/upload/sites/angular-pokedex-app-28b72/versions/4289efef0a6ba58a/files/3ac4a465dde5cb21b0f740bfa0dd0cd535c95e2ae35fb48479bb83904386e581 [stream]
[debug] [2024-09-26T14:59:39.947Z] >>> [apiv2][query] POST https://upload-firebasehosting.googleapis.com/upload/sites/angular-pokedex-app-28b72/versions/4289efef0a6ba58a/files/1815bf0061d17991bef7b817dd0ad49f0471c8c6eda1462ae0385e32c33c2425 [none]
[debug] [2024-09-26T14:59:39.947Z] >>> [apiv2][body] POST https://upload-firebasehosting.googleapis.com/upload/sites/angular-pokedex-app-28b72/versions/4289efef0a6ba58a/files/1815bf0061d17991bef7b817dd0ad49f0471c8c6eda1462ae0385e32c33c2425 [stream]
[debug] [2024-09-26T14:59:39.948Z] [hosting][populate queue][FINAL] {"max":842,"min":842,"avg":842,"active":0,"complete":1,"success":1,"errored":0,"retried":0,"total":1,"elapsed":845}
[debug] [2024-09-26T14:59:39.948Z] [hosting] uploads queued: 3
[debug] [2024-09-26T14:59:40.909Z] <<< [apiv2][status] POST https://upload-firebasehosting.googleapis.com/upload/sites/angular-pokedex-app-28b72/versions/4289efef0a6ba58a/files/1815bf0061d17991bef7b817dd0ad49f0471c8c6eda1462ae0385e32c33c2425 200
[debug] [2024-09-26T14:59:40.909Z] <<< [apiv2][body] POST https://upload-firebasehosting.googleapis.com/upload/sites/angular-pokedex-app-28b72/versions/4289efef0a6ba58a/files/1815bf0061d17991bef7b817dd0ad49f0471c8c6eda1462ae0385e32c33c2425 [stream]
[debug] [2024-09-26T14:59:40.947Z] <<< [apiv2][status] POST https://upload-firebasehosting.googleapis.com/upload/sites/angular-pokedex-app-28b72/versions/4289efef0a6ba58a/files/3ac4a465dde5cb21b0f740bfa0dd0cd535c95e2ae35fb48479bb83904386e581 200
[debug] [2024-09-26T14:59:40.947Z] <<< [apiv2][body] POST https://upload-firebasehosting.googleapis.com/upload/sites/angular-pokedex-app-28b72/versions/4289efef0a6ba58a/files/3ac4a465dde5cb21b0f740bfa0dd0cd535c95e2ae35fb48479bb83904386e581 [stream]
[debug] [2024-09-26T14:59:41.105Z] <<< [apiv2][status] POST https://upload-firebasehosting.googleapis.com/upload/sites/angular-pokedex-app-28b72/versions/4289efef0a6ba58a/files/ef5052f685cfa2c0497d359f1ec3d8e797dc7e1c91c36c00fa8886a3157d6827 200
[debug] [2024-09-26T14:59:41.105Z] <<< [apiv2][body] POST https://upload-firebasehosting.googleapis.com/upload/sites/angular-pokedex-app-28b72/versions/4289efef0a6ba58a/files/ef5052f685cfa2c0497d359f1ec3d8e797dc7e1c91c36c00fa8886a3157d6827 [stream]
[debug] [2024-09-26T14:59:41.106Z] [hosting][upload queue][FINAL] {"max":1162,"min":964,"avg":1042.6666666666667,"active":0,"complete":3,"success":3,"errored":0,"retried":0,"total":3,"elapsed":1162}
[info] +  hosting[angular-pokedex-app-28b72]: file upload complete 
[debug] [2024-09-26T14:59:41.109Z] [hosting] deploy completed after 2031ms
[debug] [2024-09-26T14:59:41.109Z] [
  {
    "config": {
      "public": "dist/angular-pokedex-app/browser",
      "ignore": [
        "firebase.json",
        "**/.*",
        "**/node_modules/**"
      ],
      "rewrites": [
        {
          "source": "**",
          "destination": "/index.html"
        }
      ],
      "site": "angular-pokedex-app-28b72"
    },
    "version": "projects/446993719936/sites/angular-pokedex-app-28b72/versions/4289efef0a6ba58a"
  }
]
[info] i  hosting[angular-pokedex-app-28b72]: finalizing version... 
[debug] [2024-09-26T14:59:41.113Z] >>> [apiv2][query] PATCH https://firebasehosting.googleapis.com/v1beta1/projects/-/sites/angular-pokedex-app-28b72/versions/4289efef0a6ba58a updateMask=status%2Cconfig
[debug] [2024-09-26T14:59:41.113Z] >>> [apiv2][body] PATCH https://firebasehosting.googleapis.com/v1beta1/projects/-/sites/angular-pokedex-app-28b72/versions/4289efef0a6ba58a {"status":"FINALIZED","config":{"rewrites":[{"glob":"**","path":"/index.html"}]}}
[debug] [2024-09-26T14:59:41.940Z] <<< [apiv2][status] PATCH https://firebasehosting.googleapis.com/v1beta1/projects/-/sites/angular-pokedex-app-28b72/versions/4289efef0a6ba58a 200
[debug] [2024-09-26T14:59:41.940Z] <<< [apiv2][body] PATCH https://firebasehosting.googleapis.com/v1beta1/projects/-/sites/angular-pokedex-app-28b72/versions/4289efef0a6ba58a {"name":"projects/446993719936/sites/angular-pokedex-app-28b72/versions/4289efef0a6ba58a","status":"FINALIZED","config":{"rewrites":[{"glob":"**","path":"/index.html"}]},"labels":{"deployment-tool":"cli-firebase"},"createTime":"2024-09-26T14:59:17.928489Z","createUser":{"email":"ghislain.anciaux@gmail.com"},"finalizeTime":"2024-09-26T14:59:40.993941Z","finalizeUser":{"email":"ghislain.anciaux@gmail.com"}}
[debug] [2024-09-26T14:59:41.940Z] [hosting] finalized version for angular-pokedex-app-28b72:[object Object]
[info] +  hosting[angular-pokedex-app-28b72]: version finalized 
[info] i  hosting[angular-pokedex-app-28b72]: releasing new version... 
[debug] [2024-09-26T14:59:41.941Z] >>> [apiv2][query] POST https://firebasehosting.googleapis.com/v1beta1/projects/-/sites/angular-pokedex-app-28b72/channels/live/releases versionName=projects%2F446993719936%2Fsites%2Fangular-pokedex-app-28b72%2Fversions%2F4289efef0a6ba58a
[debug] [2024-09-26T14:59:41.941Z] >>> [apiv2][body] POST https://firebasehosting.googleapis.com/v1beta1/projects/-/sites/angular-pokedex-app-28b72/channels/live/releases {}
[debug] [2024-09-26T14:59:42.784Z] <<< [apiv2][status] POST https://firebasehosting.googleapis.com/v1beta1/projects/-/sites/angular-pokedex-app-28b72/channels/live/releases 200
[debug] [2024-09-26T14:59:42.784Z] <<< [apiv2][body] POST https://firebasehosting.googleapis.com/v1beta1/projects/-/sites/angular-pokedex-app-28b72/channels/live/releases {"name":"projects/446993719936/sites/angular-pokedex-app-28b72/channels/live/releases/1727362781283000","version":{"name":"projects/446993719936/sites/angular-pokedex-app-28b72/versions/4289efef0a6ba58a","status":"FINALIZED","config":{"rewrites":[{"glob":"**","path":"/index.html"}]},"labels":{"deployment-tool":"cli-firebase"},"createTime":"2024-09-26T14:59:17.928489Z","createUser":{"email":"ghislain.anciaux@gmail.com","imageUrl":"https://lh3.googleusercontent.com/a/ACg8ocJZ1xuYob-RGtk4pI33tJfq4NXWRv_sxi6gluBI5JQ7fjvreA=mo"},"finalizeTime":"2024-09-26T14:59:40.993941Z","finalizeUser":{"email":"ghislain.anciaux@gmail.com","imageUrl":"https://lh3.googleusercontent.com/a/ACg8ocJZ1xuYob-RGtk4pI33tJfq4NXWRv_sxi6gluBI5JQ7fjvreA=mo"}},"type":"DEPLOY","releaseTime":"2024-09-26T14:59:41.283Z","releaseUser":{"email":"ghislain.anciaux@gmail.com","imageUrl":"https://lh3.googleusercontent.com/a/ACg8ocJZ1xuYob-RGtk4pI33tJfq4NXWRv_sxi6gluBI5JQ7fjvreA=mo"}}
[debug] [2024-09-26T14:59:42.785Z] [hosting] release: {"name":"projects/446993719936/sites/angular-pokedex-app-28b72/channels/live/releases/1727362781283000","version":{"name":"projects/446993719936/sites/angular-pokedex-app-28b72/versions/4289efef0a6ba58a","status":"FINALIZED","config":{"rewrites":[{"glob":"**","path":"/index.html"}]},"labels":{"deployment-tool":"cli-firebase"},"createTime":"2024-09-26T14:59:17.928489Z","createUser":{"email":"ghislain.anciaux@gmail.com","imageUrl":"https://lh3.googleusercontent.com/a/ACg8ocJZ1xuYob-RGtk4pI33tJfq4NXWRv_sxi6gluBI5JQ7fjvreA=mo"},"finalizeTime":"2024-09-26T14:59:40.993941Z","finalizeUser":{"email":"ghislain.anciaux@gmail.com","imageUrl":"https://lh3.googleusercontent.com/a/ACg8ocJZ1xuYob-RGtk4pI33tJfq4NXWRv_sxi6gluBI5JQ7fjvreA=mo"}},"type":"DEPLOY","releaseTime":"2024-09-26T14:59:41.283Z","releaseUser":{"email":"ghislain.anciaux@gmail.com","imageUrl":"https://lh3.googleusercontent.com/a/ACg8ocJZ1xuYob-RGtk4pI33tJfq4NXWRv_sxi6gluBI5JQ7fjvreA=mo"}}
[info] +  hosting[angular-pokedex-app-28b72]: release complete 
[info] 
[info] +  Deploy complete! 
[info] 
[info] Project Console: https://console.firebase.google.com/project/angular-pokedex-app-28b72/overview
[info] Hosting URL: https://angular-pokedex-app-28b72.web.app
[debug] [2024-09-26T15:00:13.864Z] Error: Timed out.
    at Timeout._onTimeout (C:\Users\Admin\AppData\Roaming\npm\node_modules\firebase-tools\lib\utils.js:268:49)
    at listOnTimeout (node:internal/timers:573:17)
    at process.processTimers (node:internal/timers:514:7)
[error] 
[error] Error: An unexpected error has occurred.
